<?xml version="1.0" encoding="UTF-8"?>
<!-- Generated by org.testng.reporters.JUnitXMLReporter -->
<testsuite ignored="0" hostname="LIN24011145" failures="0" tests="3" name="Submit Order Test" time="110.794" errors="0" timestamp="2023-08-30T18:30:32 IST">
  <testcase classname="sadiqueshaikhautomation.SubmitOrderTest" name="submitOrder" time="26.41"/>
  <testcase classname="sadiqueshaikhautomation.SubmitOrderTest" name="submitOrder" time="35.604"/>
  <testcase classname="sadiqueshaikhautomation.SubmitOrderTest" name="OrderHistory" time="1.195"/>
</testsuite> <!-- Submit Order Test -->
